2025-02-19 21:22:54,467 [INFO] Activator:176 - 


2025-02-19 21:22:54,475 [INFO] Activator:177 - !SESSION log4j initialized
2025-02-19 21:23:03,038 [INFO] LogOutputStream:77 - [STDOUT_REDIRECT] 
2025-02-19 21:23:04,232 [INFO] ApplicationProperties:184 - Using Application install path: C:\ST\STM32CubeIDE_1.13.2\STM32CubeIDE\plugins\com.st.stm32cube.common.mx_6.9.2.202309101412
2025-02-19 21:23:04,253 [INFO] DbMcusXml:78 - Set database path to: C:\ST\STM32CubeIDE_1.13.2\STM32CubeIDE\plugins\com.st.stm32cube.common.mx_6.9.2.202309101412\\db\/mcu/
2025-02-19 21:23:04,253 [INFO] ApiDb:274 - Set plugin database path to: C:\ST\STM32CubeIDE_1.13.2\STM32CubeIDE\plugins\com.st.stm32cube.common.mx_6.9.2.202309101412\\db\/plugins/boardmanager/
2025-02-19 21:23:04,254 [WARN] ApiDb:259 - Overriding images path with different value:  => C:\ST\STM32CubeIDE_1.13.2\STM32CubeIDE\plugins\com.st.stm32cube.common.mx_6.9.2.202309101412\\db\/plugins/mcufinder/images/
2025-02-19 21:23:04,276 [INFO] ApiDb:250 - Set database path to: C:\Users\Ureth\.stmcufinder\plugins\mcufinder//mcu/
2025-02-19 21:23:04,277 [INFO] DbMcusAds:125 - Set database path to: C:\Users\Ureth\.stmcufinder\plugins\mcufinder//mcu/
2025-02-19 21:23:04,280 [INFO] CrossReferenceDbSqlite:203 - Set database path to: C:\Users\Ureth\.stmcufinder\plugins\mcufinder//mcu/cs/
2025-02-19 21:23:04,441 [INFO] RulesReader:64 - Compatibility file has been processed (293 Rules)
2025-02-19 21:23:04,545 [INFO] DbMcusXml:78 - Set database path to: C:\ST\STM32CubeIDE_1.13.2\STM32CubeIDE\plugins\com.st.stm32cube.common.mx_6.9.2.202309101412\\db\/mcu/
2025-02-19 21:23:04,546 [INFO] ApiDb:274 - Set plugin database path to: C:\ST\STM32CubeIDE_1.13.2\STM32CubeIDE\plugins\com.st.stm32cube.common.mx_6.9.2.202309101412\\db\/plugins/boardmanager/
2025-02-19 21:23:04,546 [INFO] ApiDb:261 - Set plugin images path to: C:\ST\STM32CubeIDE_1.13.2\STM32CubeIDE\plugins\com.st.stm32cube.common.mx_6.9.2.202309101412\\db\/plugins/mcufinder/images/
2025-02-19 21:23:04,546 [WARN] DbFile:41 - Overriding database path with different value: C:\Users\Ureth\.stmcufinder\plugins\mcufinder/ => C:\Users\Ureth\.stmcufinder\plugins\mcufinder
2025-02-19 21:23:04,546 [INFO] ApiDb:250 - Set database path to: C:\Users\Ureth\.stmcufinder\plugins\mcufinder//mcu/
2025-02-19 21:23:04,546 [WARN] DbFile:41 - Overriding database path with different value: C:\Users\Ureth\.stmcufinder\plugins\mcufinder/ => C:\Users\Ureth\.stmcufinder\plugins\mcufinder
2025-02-19 21:23:04,546 [INFO] DbMcusAds:125 - Set database path to: C:\Users\Ureth\.stmcufinder\plugins\mcufinder//mcu/
2025-02-19 21:23:04,546 [WARN] DbFile:41 - Overriding database path with different value: C:\Users\Ureth\.stmcufinder\plugins\mcufinder/ => C:\Users\Ureth\.stmcufinder\plugins\mcufinder
2025-02-19 21:23:04,546 [WARN] DbFile:41 - Overriding database path with different value: C:\Users\Ureth\.stmcufinder\plugins\mcufinder/ => C:\Users\Ureth\.stmcufinder\plugins\mcufinder
2025-02-19 21:23:04,547 [INFO] CrossReferenceDbSqlite:203 - Set database path to: C:\Users\Ureth\.stmcufinder\plugins\mcufinder//mcu/cs/
2025-02-19 21:23:04,642 [INFO] MainPanel:262 - HeapMemory: 268435456
2025-02-19 21:23:04,748 [INFO] DbMcusXml:78 - Set database path to: C:\ST\STM32CubeIDE_1.13.2\STM32CubeIDE\plugins\com.st.stm32cube.common.mx_6.9.2.202309101412\\db\/mcu/
2025-02-19 21:23:04,748 [INFO] ApiDb:274 - Set plugin database path to: C:\ST\STM32CubeIDE_1.13.2\STM32CubeIDE\plugins\com.st.stm32cube.common.mx_6.9.2.202309101412\\db\/plugins/boardmanager/
2025-02-19 21:23:04,748 [INFO] ApiDb:261 - Set plugin images path to: C:\ST\STM32CubeIDE_1.13.2\STM32CubeIDE\plugins\com.st.stm32cube.common.mx_6.9.2.202309101412\\db\/plugins/mcufinder/images/
2025-02-19 21:23:04,748 [WARN] DbFile:41 - Overriding database path with different value: C:\Users\Ureth\.stmcufinder\plugins\mcufinder/ => C:\Users\Ureth\.stmcufinder\plugins\mcufinder
2025-02-19 21:23:04,748 [INFO] ApiDb:250 - Set database path to: C:\Users\Ureth\.stmcufinder\plugins\mcufinder//mcu/
2025-02-19 21:23:04,748 [WARN] DbFile:41 - Overriding database path with different value: C:\Users\Ureth\.stmcufinder\plugins\mcufinder/ => C:\Users\Ureth\.stmcufinder\plugins\mcufinder
2025-02-19 21:23:04,749 [INFO] DbMcusAds:125 - Set database path to: C:\Users\Ureth\.stmcufinder\plugins\mcufinder//mcu/
2025-02-19 21:23:04,749 [WARN] DbFile:41 - Overriding database path with different value: C:\Users\Ureth\.stmcufinder\plugins\mcufinder/ => C:\Users\Ureth\.stmcufinder\plugins\mcufinder
2025-02-19 21:23:04,749 [WARN] DbFile:41 - Overriding database path with different value: C:\Users\Ureth\.stmcufinder\plugins\mcufinder/ => C:\Users\Ureth\.stmcufinder\plugins\mcufinder
2025-02-19 21:23:04,749 [INFO] CrossReferenceDbSqlite:203 - Set database path to: C:\Users\Ureth\.stmcufinder\plugins\mcufinder//mcu/cs/
2025-02-19 21:23:04,769 [INFO] ApplicationProperties:184 - Using Application install path: C:\ST\STM32CubeIDE_1.13.2\STM32CubeIDE\plugins\com.st.stm32cube.common.mx_6.9.2.202309101412
2025-02-19 21:23:04,771 [INFO] PluginManage:196 - Search for loadable plugins [exclusion list=, ]
2025-02-19 21:23:04,772 [INFO] PluginManage:310 - Check plugin analytics
2025-02-19 21:23:04,987 [INFO] AnalyticsPlugin:253 - Accepted Software Licenses: STM32CubeMX.6.9.2
2025-02-19 21:23:04,987 [INFO] AnalyticsPlugin:255 - Accepted CMSIS Pack Licenses: 
2025-02-19 21:23:04,988 [INFO] AnalyticsPlugin:257 - Accepted Firmware Licenses: FW.F4.1.27.0,FW.G0.1.6.0,FW.F4.1.28.0
2025-02-19 21:23:04,992 [INFO] PluginManage:359 - Loaded plugin analytics (category:tool,tabindex:-1)
2025-02-19 21:23:04,993 [INFO] PluginManage:310 - Check plugin cadmodel
2025-02-19 21:23:05,012 [INFO] CADModel:105 - Init CAD model plugin
2025-02-19 21:23:05,013 [INFO] PluginManage:359 - Loaded plugin cadmodel (category:power,tabindex:5)
2025-02-19 21:23:05,013 [INFO] PluginManage:310 - Check plugin clock
2025-02-19 21:23:05,039 [INFO] PluginManage:359 - Loaded plugin clock (category:base,tabindex:2)
2025-02-19 21:23:05,040 [INFO] PluginManage:310 - Check plugin ddr
2025-02-19 21:23:05,043 [INFO] PluginManage:359 - Loaded plugin ddr (category:tool,tabindex:6)
2025-02-19 21:23:05,043 [INFO] PluginManage:310 - Check plugin filemanager
2025-02-19 21:23:05,203 [INFO] PluginManage:359 - Loaded plugin filemanager (category:base,tabindex:10)
2025-02-19 21:23:05,203 [INFO] PluginManage:310 - Check plugin ipmanager
2025-02-19 21:23:05,209 [INFO] PluginManage:359 - Loaded plugin ipmanager (category:base,tabindex:5)
2025-02-19 21:23:05,209 [INFO] PluginManage:310 - Check plugin lpbam
2025-02-19 21:23:05,229 [INFO] PluginManage:359 - Loaded plugin lpbam (category:base,tabindex:0)
2025-02-19 21:23:05,229 [INFO] PluginManage:310 - Check plugin memorymap
2025-02-19 21:23:05,256 [INFO] PluginManage:359 - Loaded plugin memorymap (category:base,tabindex:4)
2025-02-19 21:23:05,256 [INFO] PluginManage:310 - Check plugin pinoutandconfiguration
2025-02-19 21:23:05,273 [INFO] PluginManage:359 - Loaded plugin pinoutandconfiguration (category:base,tabindex:1)
2025-02-19 21:23:05,273 [INFO] PluginManage:310 - Check plugin pinoutconfig
2025-02-19 21:23:05,395 [WARN] SupportedApi:132 - Cannot load RTOS API schema: s4s-elt-must-match.1: The content of 'definitions' must match (annotation?, (simpleType | complexType)?, (unique | key | keyref)*)). A problem was found starting at: attribute.
2025-02-19 21:23:05,549 [INFO] PluginManage:359 - Loaded plugin pinoutconfig (category:base,tabindex:0)
2025-02-19 21:23:05,549 [INFO] PluginManage:310 - Check plugin power
2025-02-19 21:23:05,575 [INFO] PluginManage:359 - Loaded plugin power (category:power,tabindex:4)
2025-02-19 21:23:05,576 [INFO] PluginManage:310 - Check plugin projectmanager
2025-02-19 21:23:05,588 [INFO] PluginManage:359 - Loaded plugin projectmanager (category:projectmanager,tabindex:3)
2025-02-19 21:23:05,588 [INFO] PluginManage:310 - Check plugin thirdparty
2025-02-19 21:23:05,904 [INFO] PluginManage:359 - Loaded plugin thirdparty (category:base,tabindex:-1)
2025-02-19 21:23:05,904 [WARN] IntegrityCheckThread:84 - waiting for thirdparty lock release [integrity check]
2025-02-19 21:23:05,904 [INFO] IntegrityCheckThread:86 - entering critical section [integrity check]
2025-02-19 21:23:05,904 [INFO] PluginManage:310 - Check plugin tools
2025-02-19 21:23:05,904 [INFO] ThirdPartyUpdaterWithRetryManager:70 - Updater plugin not ready yet. [1/15]
2025-02-19 21:23:05,943 [INFO] PluginManage:359 - Loaded plugin tools (category:base,tabindex:7)
2025-02-19 21:23:05,943 [INFO] PluginManage:310 - Check plugin tutovideos
2025-02-19 21:23:06,141 [INFO] PluginManage:359 - Loaded plugin tutovideos (category:base,tabindex:-1)
2025-02-19 21:23:06,141 [INFO] PluginManage:310 - Check plugin updater
2025-02-19 21:23:06,153 [INFO] PluginManage:359 - Loaded plugin updater (category:base,tabindex:12)
2025-02-19 21:23:06,153 [INFO] PluginManage:310 - Check plugin userauth
2025-02-19 21:23:06,157 [INFO] UserAuth:113 - Init User Auth plugin
2025-02-19 21:23:06,157 [INFO] PluginManage:359 - Loaded plugin userauth (category:base,tabindex:14)
2025-02-19 21:23:06,158 [INFO] PluginManage:283 - PluginManage : Loaded plugins [17]
2025-02-19 21:23:06,361 [INFO] PinOutPanel:1499 - setPackage(No Configuration,No Configuration)
2025-02-19 21:23:06,454 [INFO] CADModel:165 - CPN selected for project level
2025-02-19 21:23:06,454 [INFO] CADModel:114 - Register for checkConnection events
2025-02-19 21:23:06,482 [INFO] IPUIPlugin:80 - create IPUIPlugin
2025-02-19 21:23:06,482 [INFO] PluginManager:220 - loadIPPluginJar : add adc
2025-02-19 21:23:06,520 [INFO] IPUIPlugin:80 - create IPUIPlugin
2025-02-19 21:23:06,520 [INFO] PluginManager:220 - loadIPPluginJar : add aes
2025-02-19 21:23:06,563 [INFO] IPUIPlugin:80 - create IPUIPlugin
2025-02-19 21:23:06,563 [INFO] PluginManager:220 - loadIPPluginJar : add can
2025-02-19 21:23:06,590 [INFO] IPUIPlugin:80 - create IPUIPlugin
2025-02-19 21:23:06,590 [INFO] PluginManager:220 - loadIPPluginJar : add comp
2025-02-19 21:23:06,624 [INFO] IPUIPlugin:80 - create IPUIPlugin
2025-02-19 21:23:06,625 [INFO] PluginManager:220 - loadIPPluginJar : add cryp
2025-02-19 21:23:06,658 [INFO] IPUIPlugin:80 - create IPUIPlugin
2025-02-19 21:23:06,658 [INFO] PluginManager:220 - loadIPPluginJar : add dfsdm
2025-02-19 21:23:06,673 [INFO] IPUIPlugin:80 - create IPUIPlugin
2025-02-19 21:23:06,673 [INFO] PluginManager:220 - loadIPPluginJar : add dma
2025-02-19 21:23:06,721 [INFO] IPUIPlugin:80 - create IPUIPlugin
2025-02-19 21:23:06,721 [INFO] PluginManager:220 - loadIPPluginJar : add dma3
2025-02-19 21:23:06,742 [INFO] IPUIPlugin:80 - create IPUIPlugin
2025-02-19 21:23:06,742 [INFO] PluginManager:220 - loadIPPluginJar : add fatfs
2025-02-19 21:23:06,792 [INFO] IPUIPlugin:80 - create IPUIPlugin
2025-02-19 21:23:06,792 [INFO] PluginManager:220 - loadIPPluginJar : add fmc
2025-02-19 21:23:06,810 [INFO] IPUIPlugin:80 - create IPUIPlugin
2025-02-19 21:23:06,810 [INFO] PluginManager:220 - loadIPPluginJar : add freertos
2025-02-19 21:23:06,835 [INFO] IPUIPlugin:80 - create IPUIPlugin
2025-02-19 21:23:06,835 [INFO] PluginManager:220 - loadIPPluginJar : add genericplugin
2025-02-19 21:23:06,950 [INFO] IPUIPlugin:80 - create IPUIPlugin
2025-02-19 21:23:06,950 [INFO] PluginManager:220 - loadIPPluginJar : add gfxmmu
2025-02-19 21:23:07,096 [INFO] IPUIPlugin:80 - create IPUIPlugin
2025-02-19 21:23:07,097 [INFO] PluginManager:220 - loadIPPluginJar : add gic
2025-02-19 21:23:07,110 [INFO] IPUIPlugin:80 - create IPUIPlugin
2025-02-19 21:23:07,110 [INFO] PluginManager:220 - loadIPPluginJar : add gpio
2025-02-19 21:23:07,208 [INFO] IPUIPlugin:80 - create IPUIPlugin
2025-02-19 21:23:07,208 [INFO] PluginManager:220 - loadIPPluginJar : add gtzc
2025-02-19 21:23:07,242 [INFO] IPUIPlugin:80 - create IPUIPlugin
2025-02-19 21:23:07,242 [INFO] PluginManager:220 - loadIPPluginJar : add hash
2025-02-19 21:23:07,298 [INFO] IPUIPlugin:80 - create IPUIPlugin
2025-02-19 21:23:07,298 [INFO] PluginManager:220 - loadIPPluginJar : add i2c
2025-02-19 21:23:07,338 [INFO] IPUIPlugin:80 - create IPUIPlugin
2025-02-19 21:23:07,339 [INFO] PluginManager:220 - loadIPPluginJar : add i2s
2025-02-19 21:23:07,384 [INFO] IPUIPlugin:80 - create IPUIPlugin
2025-02-19 21:23:07,384 [INFO] PluginManager:220 - loadIPPluginJar : add i3c
2025-02-19 21:23:07,496 [INFO] IPUIPlugin:80 - create IPUIPlugin
2025-02-19 21:23:07,496 [INFO] PluginManager:220 - loadIPPluginJar : add ipddr
2025-02-19 21:23:07,595 [INFO] IPUIPlugin:80 - create IPUIPlugin
2025-02-19 21:23:07,595 [INFO] PluginManager:220 - loadIPPluginJar : add linkedlist
2025-02-19 21:23:07,634 [INFO] IPUIPlugin:80 - create IPUIPlugin
2025-02-19 21:23:07,634 [INFO] PluginManager:220 - loadIPPluginJar : add lorawan
2025-02-19 21:23:07,677 [INFO] IPUIPlugin:80 - create IPUIPlugin
2025-02-19 21:23:07,677 [INFO] PluginManager:220 - loadIPPluginJar : add ltdc
2025-02-19 21:23:07,692 [INFO] IPUIPlugin:80 - create IPUIPlugin
2025-02-19 21:23:07,692 [INFO] PluginManager:220 - loadIPPluginJar : add mdma
2025-02-19 21:23:07,707 [INFO] IPUIPlugin:80 - create IPUIPlugin
2025-02-19 21:23:07,707 [INFO] PluginManager:220 - loadIPPluginJar : add nvic
2025-02-19 21:23:07,747 [INFO] IPUIPlugin:80 - create IPUIPlugin
2025-02-19 21:23:07,747 [INFO] PluginManager:220 - loadIPPluginJar : add opamp
2025-02-19 21:23:07,810 [INFO] IPUIPlugin:80 - create IPUIPlugin
2025-02-19 21:23:07,810 [INFO] PluginManager:220 - loadIPPluginJar : add openamp
2025-02-19 21:23:07,856 [INFO] IPUIPlugin:80 - create IPUIPlugin
2025-02-19 21:23:07,856 [INFO] PluginManager:220 - loadIPPluginJar : add pdm2pcm
2025-02-19 21:23:07,870 [INFO] IPUIPlugin:80 - create IPUIPlugin
2025-02-19 21:23:07,873 [INFO] PluginManager:220 - loadIPPluginJar : add plateformsettings
2025-02-19 21:23:07,896 [INFO] IPUIPlugin:80 - create IPUIPlugin
2025-02-19 21:23:07,896 [INFO] PluginManager:220 - loadIPPluginJar : add quadspi
2025-02-19 21:23:07,911 [INFO] IPUIPlugin:80 - create IPUIPlugin
2025-02-19 21:23:07,911 [INFO] PluginManager:220 - loadIPPluginJar : add resmgrutility
2025-02-19 21:23:07,965 [INFO] IPUIPlugin:80 - create IPUIPlugin
2025-02-19 21:23:07,965 [INFO] PluginManager:220 - loadIPPluginJar : add sai
2025-02-19 21:23:08,005 [INFO] IPUIPlugin:80 - create IPUIPlugin
2025-02-19 21:23:08,005 [INFO] PluginManager:220 - loadIPPluginJar : add spi
2025-02-19 21:23:08,069 [INFO] IPUIPlugin:80 - create IPUIPlugin
2025-02-19 21:23:08,069 [INFO] PluginManager:220 - loadIPPluginJar : add stm32_wpan
2025-02-19 21:23:08,095 [INFO] IPUIPlugin:80 - create IPUIPlugin
2025-02-19 21:23:08,095 [INFO] PluginManager:220 - loadIPPluginJar : add tim
2025-02-19 21:23:08,158 [INFO] IPUIPlugin:80 - create IPUIPlugin
2025-02-19 21:23:08,158 [INFO] PluginManager:220 - loadIPPluginJar : add touchsensing
2025-02-19 21:23:08,184 [INFO] IPUIPlugin:80 - create IPUIPlugin
2025-02-19 21:23:08,184 [INFO] PluginManager:220 - loadIPPluginJar : add tracer_emb
2025-02-19 21:23:08,210 [INFO] IPUIPlugin:80 - create IPUIPlugin
2025-02-19 21:23:08,210 [INFO] PluginManager:220 - loadIPPluginJar : add ts
2025-02-19 21:23:08,235 [INFO] IPUIPlugin:80 - create IPUIPlugin
2025-02-19 21:23:08,235 [INFO] PluginManager:220 - loadIPPluginJar : add tsc
2025-02-19 21:23:08,261 [INFO] IPUIPlugin:80 - create IPUIPlugin
2025-02-19 21:23:08,261 [INFO] PluginManager:220 - loadIPPluginJar : add ucpd
2025-02-19 21:23:08,307 [INFO] IPUIPlugin:80 - create IPUIPlugin
2025-02-19 21:23:08,307 [INFO] PluginManager:220 - loadIPPluginJar : add usart
2025-02-19 21:23:08,354 [INFO] IPUIPlugin:80 - create IPUIPlugin
2025-02-19 21:23:08,354 [INFO] PluginManager:220 - loadIPPluginJar : add usbx
2025-02-19 21:23:08,470 [INFO] CADModel:165 - CPN selected for project level
2025-02-19 21:23:08,470 [INFO] CADModel:114 - Register for checkConnection events
2025-02-19 21:23:08,470 [FATAL] Updater:308 - Updater called before beeing initialized
2025-02-19 21:23:08,470 [ERROR] CADModel:125 - Updater not yet initialized, retry later 
2025-02-19 21:23:08,597 [INFO] CADModel:165 - CPN selected for project level
2025-02-19 21:23:08,597 [INFO] CADModel:114 - Register for checkConnection events
2025-02-19 21:23:08,598 [FATAL] Updater:308 - Updater called before beeing initialized
2025-02-19 21:23:08,598 [ERROR] CADModel:125 - Updater not yet initialized, retry later 
2025-02-19 21:23:08,601 [FATAL] Updater:308 - Updater called before beeing initialized
2025-02-19 21:23:08,687 [FATAL] Updater:308 - Updater called before beeing initialized
2025-02-19 21:23:08,698 [INFO] DbMcusAds:53 - JSON generation date=Tue Dec 17 23:01:15 WIB 2024 (1734451275111)
2025-02-19 21:23:08,698 [FATAL] Updater:308 - Updater called before beeing initialized
2025-02-19 21:23:08,777 [WARN] DetailPanel:346 - Failed to get advertising image, set to default
2025-02-19 21:23:08,898 [FATAL] Updater:308 - Updater called before beeing initialized
2025-02-19 21:23:08,900 [FATAL] Updater:308 - Updater called before beeing initialized
2025-02-19 21:23:08,900 [FATAL] Updater:308 - Updater called before beeing initialized
2025-02-19 21:23:08,900 [WARN] DetailPanel:346 - Failed to get advertising image, set to default
2025-02-19 21:23:08,901 [FATAL] Updater:308 - Updater called before beeing initialized
2025-02-19 21:23:08,912 [INFO] ThirdPartyUpdaterWithRetryManager:70 - Updater plugin not ready yet. [2/15]
2025-02-19 21:23:08,972 [ERROR] Updater:1120 - MainUpdater not yet initialized. External WinMGr cannot be set.
2025-02-19 21:23:08,984 [INFO] Updater:1056 - Updater Version found : 6.9.2
2025-02-19 21:23:08,999 [INFO] ApplicationProperties:184 - Using Application install path: C:\ST\STM32CubeIDE_1.13.2\STM32CubeIDE\plugins\com.st.stm32cube.common.mx_6.9.2.202309101412
2025-02-19 21:23:09,269 [INFO] MainUpdater:2868 - connection check result : 10
2025-02-19 21:23:09,270 [INFO] MainUpdater:285 - Updater Check For Update Now.
2025-02-19 21:23:09,270 [INFO] MicroXplorer:498 - Change Database Version : DB.6.0.92
2025-02-19 21:23:09,290 [INFO] McuFinderGlobals:63 - Set McuFinder mode to 2 (CubeIDE integrated)
2025-02-19 21:23:09,497 [INFO] CheckServerUpdateThread:120 - End of CheckServer Thread
2025-02-19 21:23:12,139 [WARN] PackLoader:240 - Cannot read IP mode file for STMicroelectronics.FP-SNS-MOTENVWB1.1.4.0
2025-02-19 21:23:12,157 [WARN] PackLoader:240 - Cannot read IP mode file for STMicroelectronics.FP-ATR-ASTRA1.2.0.1
2025-02-19 21:23:12,178 [WARN] PackLoader:240 - Cannot read IP mode file for STMicroelectronics.X-CUBE-SMBUS.2.1.0
2025-02-19 21:23:12,198 [WARN] PackLoader:240 - Cannot read IP mode file for STMicroelectronics.X-CUBE-WB05N.1.1.0
2025-02-19 21:23:12,214 [WARN] PackLoader:240 - Cannot read IP mode file for STMicroelectronics.X-CUBE-TOUCHGFX.4.23.2
2025-02-19 21:23:12,258 [WARN] PackLoader:240 - Cannot read IP mode file for STMicroelectronics.X-CUBE-AZRTOS-F7.1.1.0
2025-02-19 21:23:12,278 [WARN] PackLoader:240 - Cannot read IP mode file for STMicroelectronics.FP-SNS-MOTENV1.4.3.2
2025-02-19 21:23:12,350 [WARN] PackLoader:240 - Cannot read IP mode file for STMicroelectronics.X-CUBE-MEMS1.11.0.0
2025-02-19 21:23:12,509 [WARN] PackLoader:240 - Cannot read IP mode file for STMicroelectronics.FP-SNS-FLIGHT1.5.0.2
2025-02-19 21:23:12,529 [WARN] PackLoader:240 - Cannot read IP mode file for STMicroelectronics.X-CUBE-DISPLAY.3.0.0
2025-02-19 21:23:12,548 [WARN] PackLoader:240 - Cannot read IP mode file for STMicroelectronics.X-CUBE-BLE1.7.0.0
2025-02-19 21:23:12,564 [WARN] PackLoader:240 - Cannot read IP mode file for STMicroelectronics.X-CUBE-NFC10.1.0.0
2025-02-19 21:23:12,580 [ERROR] Engine:466 - C:\Users\Ureth\.stm32cubemx\thirdparties\pdsc\STMicroelectronics.X-CUBE-BLEMGR.4.0.0.pdsc: PDSC version is not supported
2025-02-19 21:23:12,598 [WARN] PackLoader:240 - Cannot read IP mode file for emotas.I-CUBE-CANOPEN.1.3.0
2025-02-19 21:23:12,613 [WARN] PackLoader:240 - Cannot read IP mode file for STMicroelectronics.X-CUBE-TOUCHGFX.4.22.1
2025-02-19 21:23:12,631 [WARN] PackLoader:240 - Cannot read IP mode file for STMicroelectronics.X-CUBE-BLEMGR.3.1.0
2025-02-19 21:23:12,646 [WARN] PackLoader:240 - Cannot read IP mode file for STMicroelectronics.X-CUBE-AI.10.0.0
2025-02-19 21:23:12,663 [WARN] PackLoader:240 - Cannot read IP mode file for STMicroelectronics.FP-SNS-SMARTAG2.1.2.0
2025-02-19 21:23:12,729 [WARN] PackLoader:240 - Cannot read IP mode file for STMicroelectronics.X-CUBE-MEMS1.11.1.0
2025-02-19 21:23:12,888 [INFO] LogOutputStream:77 - [STDOUT_REDIRECT] 1 : Invalid condition id : UX_CORESTACK_Condition cause : null
2025-02-19 21:23:12,889 [INFO] LogOutputStream:77 - [STDOUT_REDIRECT] 1 : Invalid condition id : UX_CORESTACK_Condition cause : null
2025-02-19 21:23:12,890 [INFO] LogOutputStream:77 - [STDOUT_REDIRECT] 1 : Invalid condition id : UX_CORESTACK_Condition cause : null
2025-02-19 21:23:12,892 [INFO] LogOutputStream:77 - [STDOUT_REDIRECT] 1 : Invalid condition id : UX_CORESTACK_Condition cause : null
2025-02-19 21:23:12,893 [INFO] LogOutputStream:77 - [STDOUT_REDIRECT] 1 : Invalid condition id : UX_CORESTACK_Condition cause : null
2025-02-19 21:23:12,895 [WARN] PackLoader:240 - Cannot read IP mode file for STMicroelectronics.X-CUBE-AZRTOS-WL.2.0.0
2025-02-19 21:23:12,910 [WARN] PackLoader:240 - Cannot read IP mode file for STMicroelectronics.FP-SNS-MOTENV1.5.0.0
2025-02-19 21:23:12,924 [WARN] PackLoader:240 - Cannot read IP mode file for wolfSSL.I-CUBE-wolfMQTT.1.19.0
2025-02-19 21:23:12,941 [WARN] PackLoader:240 - Cannot read IP mode file for WES.I-CUBE-Cesium.1.3.0
2025-02-19 21:23:12,956 [WARN] PackLoader:240 - Cannot read IP mode file for STMicroelectronics.X-CUBE-BLE2.3.3.0
2025-02-19 21:23:12,970 [WARN] PackLoader:240 - Cannot read IP mode file for STMicroelectronics.X-CUBE-NFC9.1.0.0
2025-02-19 21:23:12,991 [WARN] PackLoader:240 - Cannot read IP mode file for STMicroelectronics.X-CUBE-TCPP.4.1.0
2025-02-19 21:23:13,008 [WARN] PackLoader:240 - Cannot read IP mode file for STMicroelectronics.X-CUBE-ALGOBUILD.1.3.0
2025-02-19 21:23:13,036 [WARN] PackLoader:240 - Cannot read IP mode file for STMicroelectronics.X-CUBE-AZRTOS-G0.1.1.0
2025-02-19 21:23:13,055 [WARN] PackLoader:240 - Cannot read IP mode file for STMicroelectronics.X-CUBE-SAFEA1.1.2.2
2025-02-19 21:23:13,071 [WARN] PackLoader:240 - Cannot read IP mode file for STMicroelectronics.X-CUBE-NFC4.3.0.0
2025-02-19 21:23:13,084 [ERROR] Engine:466 - C:\Users\Ureth\.stm32cubemx\thirdparties\pdsc\EmbeddedOffice.I-CUBE-FS-RTOS.1.0.1.pdsc: PDSC version is not supported
2025-02-19 21:23:13,102 [WARN] PackLoader:240 - Cannot read IP mode file for STMicroelectronics.X-CUBE-BLEMGR.3.0.0
2025-02-19 21:23:13,116 [ERROR] Engine:466 - C:\Users\Ureth\.stm32cubemx\thirdparties\pdsc\STMicroelectronics.X-CUBE-TCPP.4.2.0.pdsc: PDSC version is not supported
2025-02-19 21:23:13,131 [ERROR] Engine:466 - C:\Users\Ureth\.stm32cubemx\thirdparties\pdsc\RealThread.X-CUBE-RT-Thread_Nano.4.1.1.pdsc: PDSC version is not supported
2025-02-19 21:23:13,144 [WARN] PackLoader:240 - Cannot read IP mode file for STMicroelectronics.FP-ATR-SIGFOX1.3.2.0
2025-02-19 21:23:13,157 [ERROR] Engine:466 - C:\Users\Ureth\.stm32cubemx\thirdparties\pdsc\quantropi.X-CUBE-qispace-sdk-base.1.9.3.pdsc: PDSC version is not supported
2025-02-19 21:23:13,171 [WARN] PackLoader:240 - Cannot read IP mode file for STMicroelectronics.X-CUBE-EEPRMA1.5.1.0
2025-02-19 21:23:13,208 [WARN] PackLoader:240 - Cannot read IP mode file for SEGGER.I-CUBE-embOS.1.3.1
2025-02-19 21:23:13,259 [WARN] PackLoader:240 - Cannot read IP mode file for STMicroelectronics.X-CUBE-ALGOBUILD.1.4.0
2025-02-19 21:23:13,273 [WARN] PackLoader:240 - Cannot read IP mode file for STMicroelectronics.X-CUBE-AI.9.1.0
2025-02-19 21:23:13,287 [WARN] PackLoader:240 - Cannot read IP mode file for STMicroelectronics.X-CUBE-GNSS1.6.0.0
2025-02-19 21:23:13,316 [WARN] PackLoader:240 - Cannot read IP mode file for STMicroelectronics.X-CUBE-AZRTOS-F4.1.1.0
2025-02-19 21:23:13,334 [WARN] PackLoader:240 - Cannot read IP mode file for wolfSSL.I-CUBE-wolfSSL.5.6.4
2025-02-19 21:23:13,347 [WARN] PackLoader:240 - Cannot read IP mode file for STMicroelectronics.X-CUBE-ISPU.2.1.0
2025-02-19 21:23:13,362 [WARN] PackLoader:240 - Cannot read IP mode file for STMicroelectronics.X-CUBE-FREERTOS.1.2.0
2025-02-19 21:23:13,391 [WARN] PackLoader:240 - Cannot read IP mode file for STMicroelectronics.X-CUBE-AZRTOS-L5.2.0.0
2025-02-19 21:23:13,406 [WARN] PackLoader:240 - Cannot read IP mode file for STMicroelectronics.X-CUBE-EEPRMA1.4.2.0
2025-02-19 21:23:13,424 [WARN] PackLoader:240 - Cannot read IP mode file for STMicroelectronics.X-CUBE-NFC6.3.1.0
2025-02-19 21:23:13,440 [WARN] PackLoader:240 - Cannot read IP mode file for ITTIA_DB.I-CUBE-ITTIADB.8.8.0
2025-02-19 21:23:13,455 [ERROR] Engine:466 - C:\Users\Ureth\.stm32cubemx\thirdparties\pdsc\STMicroelectronics.X-CUBE-DPower.1.2.0.pdsc: PDSC version is not supported
2025-02-19 21:23:13,469 [WARN] PackLoader:240 - Cannot read IP mode file for STMicroelectronics.X-CUBE-AI.9.0.0
2025-02-19 21:23:13,499 [WARN] ConditionMgr:438 - getConditionDescription Invalid condition id : UX DEVICE CLASS RTOS Condition cause : null
2025-02-19 21:23:13,500 [WARN] ConditionMgr:438 - getConditionDescription Invalid condition id : UX DEVICE CLASS RTOS Condition cause : null
2025-02-19 21:23:13,502 [WARN] PackLoader:240 - Cannot read IP mode file for STMicroelectronics.X-CUBE-AZRTOS-H7.3.1.0
2025-02-19 21:23:13,503 [WARN] ConditionMgr:1039 - genDependencies : Invalid condition id : UX DEVICE CLASS RTOS Condition cause : null
2025-02-19 21:23:13,503 [WARN] ConditionMgr:1039 - genDependencies : Invalid condition id : UX DEVICE CLASS RTOS Condition cause : null
2025-02-19 21:23:13,503 [WARN] ConditionMgr:1039 - genDependencies : Invalid condition id : UX DEVICE CLASS RTOS Condition cause : null
2025-02-19 21:23:13,504 [WARN] ConditionMgr:1039 - genDependencies : Invalid condition id : UX DEVICE CLASS RTOS Condition cause : null
2025-02-19 21:23:13,504 [WARN] ConditionMgr:1039 - genDependencies : Invalid condition id : UX DEVICE CLASS RTOS Condition cause : null
2025-02-19 21:23:13,524 [WARN] PackLoader:240 - Cannot read IP mode file for STMicroelectronics.X-CUBE-FREERTOS.1.3.0
2025-02-19 21:23:13,542 [WARN] PackLoader:240 - Cannot read IP mode file for STMicroelectronics.X-CUBE-NFC7.1.0.1
2025-02-19 21:23:13,562 [WARN] PackLoader:240 - Cannot read IP mode file for STMicroelectronics.X-CUBE-NFC6.3.0.0
2025-02-19 21:23:13,590 [WARN] PackLoader:240 - Cannot read IP mode file for STMicroelectronics.X-CUBE-AI.8.1.0
2025-02-19 21:23:13,626 [WARN] ConditionMgr:438 - getConditionDescription Invalid condition id : LAN8742 Phy interface Condition cause : null
2025-02-19 21:23:13,627 [WARN] PackLoader:240 - Cannot read IP mode file for STMicroelectronics.X-CUBE-AZRTOS-L4.2.0.0
2025-02-19 21:23:13,628 [WARN] ConditionMgr:1039 - genDependencies : Invalid condition id : LAN8742 Phy interface Condition cause : null
2025-02-19 21:23:13,628 [WARN] ConditionMgr:1039 - genDependencies : Invalid condition id : LAN8742 Phy interface Condition cause : null
2025-02-19 21:23:13,628 [WARN] ConditionMgr:1039 - genDependencies : Invalid condition id : LAN8742 Phy interface Condition cause : null
2025-02-19 21:23:13,643 [WARN] PackLoader:240 - Cannot read IP mode file for STMicroelectronics.X-CUBE-SFXS2LP1.4.0.0
2025-02-19 21:23:13,660 [WARN] PackLoader:240 - Cannot read IP mode file for STMicroelectronics.X-CUBE-ISPU.1.1.0
2025-02-19 21:23:13,690 [WARN] PackLoader:240 - Cannot read IP mode file for STMicroelectronics.X-CUBE-AZRTOS-H7.3.3.0
2025-02-19 21:23:13,708 [ERROR] Engine:466 - C:\Users\Ureth\.stm32cubemx\thirdparties\pdsc\STMicroelectronics.X-CUBE-IPS.3.0.0.pdsc: PDSC version is not supported
2025-02-19 21:23:13,733 [WARN] ConditionMgr:438 - getConditionDescription Invalid condition id : UX DEVICE CLASS RTOS Condition cause : null
2025-02-19 21:23:13,733 [WARN] ConditionMgr:438 - getConditionDescription Invalid condition id : UX DEVICE CLASS RTOS Condition cause : null
2025-02-19 21:23:13,734 [WARN] PackLoader:240 - Cannot read IP mode file for STMicroelectronics.X-CUBE-AZRTOS-WB.2.0.0
2025-02-19 21:23:13,735 [WARN] ConditionMgr:1039 - genDependencies : Invalid condition id : UX DEVICE CLASS RTOS Condition cause : null
2025-02-19 21:23:13,735 [WARN] ConditionMgr:1039 - genDependencies : Invalid condition id : UX DEVICE CLASS RTOS Condition cause : null
2025-02-19 21:23:13,735 [WARN] ConditionMgr:1039 - genDependencies : Invalid condition id : UX DEVICE CLASS RTOS Condition cause : null
2025-02-19 21:23:13,735 [WARN] ConditionMgr:1039 - genDependencies : Invalid condition id : UX DEVICE CLASS RTOS Condition cause : null
2025-02-19 21:23:13,735 [WARN] ConditionMgr:1039 - genDependencies : Invalid condition id : UX DEVICE CLASS RTOS Condition cause : null
2025-02-19 21:23:13,750 [WARN] PackLoader:240 - Cannot read IP mode file for STMicroelectronics.X-CUBE-GNSS1.7.0.0
2025-02-19 21:23:13,764 [WARN] PackLoader:240 - Cannot read IP mode file for STMicroelectronics.X-CUBE-GNSS1.7.0.1
2025-02-19 21:23:13,777 [ERROR] Engine:466 - C:\Users\Ureth\.stm32cubemx\thirdparties\pdsc\STMicroelectronics.FP-SNS-STBOX1.2.0.0.pdsc: PDSC version is not supported
2025-02-19 21:23:13,797 [WARN] PackLoader:240 - Cannot read IP mode file for STMicroelectronics.X-CUBE-SUBG2.5.0.0
2025-02-19 21:23:13,812 [WARN] PackLoader:240 - Cannot read IP mode file for Cesanta.I-CUBE-Mongoose.7.13.0
2025-02-19 21:23:13,832 [WARN] PackLoader:240 - Cannot read IP mode file for STMicroelectronics.X-CUBE-TOF1.3.3.1
2025-02-19 21:23:13,864 [WARN] PackLoader:240 - Cannot read IP mode file for STMicroelectronics.X-CUBE-AZRTOS-G4.2.0.0
2025-02-19 21:23:13,890 [WARN] PackLoader:240 - Cannot read IP mode file for Infineon.AIROC-Wi-Fi-Bluetooth-STM32.1.5.1
2025-02-19 21:23:13,906 [WARN] PackLoader:240 - Cannot read IP mode file for STMicroelectronics.FP-SNS-MOTENVWB1.1.3.0
2025-02-19 21:23:13,920 [WARN] PackLoader:240 - Cannot read IP mode file for STMicroelectronics.X-CUBE-ISPU.2.0.0
2025-02-19 21:23:13,938 [ERROR] Engine:466 - C:\Users\Ureth\.stm32cubemx\thirdparties\pdsc\STMicroelectronics.X-CUBE-IPS.3.1.0.pdsc: PDSC version is not supported
2025-02-19 21:23:13,952 [WARN] PackLoader:240 - Cannot read IP mode file for STMicroelectronics.X-CUBE-ALS.1.0.2
2025-02-19 21:23:14,003 [WARN] PackLoader:240 - Cannot read IP mode file for STMicroelectronics.X-CUBE-MEMS1.10.0.0
2025-02-19 21:23:14,112 [WARN] PackLoader:240 - Cannot read IP mode file for STMicroelectronics.X-CUBE-FREERTOS.1.1.0
2025-02-19 21:23:14,128 [WARN] PackLoader:240 - Cannot read IP mode file for STMicroelectronics.X-CUBE-TOUCHGFX.4.24.2
2025-02-19 21:23:14,141 [WARN] PackLoader:240 - Cannot read IP mode file for STMicroelectronics.X-CUBE-TOUCHGFX.4.24.1
2025-02-19 21:23:14,156 [WARN] PackLoader:240 - Cannot read IP mode file for wolfSSL.I-CUBE-wolfTPM.3.4.0
2025-02-19 21:23:14,171 [WARN] PackLoader:240 - Cannot read IP mode file for portGmbH.I-Cube-SoM-uGOAL.1.1.0
2025-02-19 21:23:14,185 [WARN] PackLoader:240 - Cannot read IP mode file for STMicroelectronics.X-CUBE-ALS.1.0.1
2025-02-19 21:23:14,215 [WARN] PackLoader:240 - Cannot read IP mode file for STMicroelectronics.X-CUBE-AZRTOS-H7RS.1.0.0
2025-02-19 21:23:14,231 [WARN] PackLoader:240 - Cannot read IP mode file for STMicroelectronics.FP-ATR-ASTRA1.2.0.0
2025-02-19 21:23:14,248 [ERROR] Engine:466 - C:\Users\Ureth\.stm32cubemx\thirdparties\pdsc\STMicroelectronics.X-CUBE-TOF1.3.4.2.pdsc: PDSC version is not supported
2025-02-19 21:23:14,268 [WARN] PackLoader:240 - Cannot read IP mode file for STMicroelectronics.X-CUBE-TOF1.3.4.1
2025-02-19 21:23:14,303 [WARN] PackLoader:240 - Cannot read IP mode file for STMicroelectronics.X-CUBE-AZRTOS-H7.3.2.0
2025-02-19 21:23:14,323 [WARN] PackLoader:240 - Cannot read IP mode file for wolfSSL.I-CUBE-wolfSSH.1.4.17
2025-02-19 21:23:14,323 [INFO] ThirdParty:978 - Integrity check success = true
2025-02-19 21:23:14,323 [INFO] IntegrityCheckThread:100 - exiting critical section [integrity check]
2025-02-19 21:23:14,324 [INFO] IntegrityCheckThread:103 - End integrity checks thread
2025-02-19 21:23:30,511 [ERROR] LogOutputStream:75 - [STDERR_REDIRECT] SLF4J: Failed to load class "org.slf4j.impl.StaticLoggerBinder".
2025-02-19 21:23:30,511 [ERROR] LogOutputStream:75 - [STDERR_REDIRECT] SLF4J: Defaulting to no-operation (NOP) logger implementation
2025-02-19 21:23:30,512 [ERROR] LogOutputStream:75 - [STDERR_REDIRECT] SLF4J: See http://www.slf4j.org/codes.html#StaticLoggerBinder for further details.
